Posterior: 14692.8262728
Labels:
8	3	1	1	9	8	0	2	3	9	9	3	2	3	3	0	9	8	3	4	8	8	1	2	4	2	8	8	5	2	3	8	2	5	5	3	2	0	3	2	9	9	0	4	8	2	0	3	8	3	4	3	0	4	0	4	2	1	0	9	3	8	0	3	4	8	8	5	2	3	2	9	3	8	5	1	1	9	8	3	3	4	5	5	2	4	2	3	4	3	2	2	5	1	9	9	5	3	4	4	3	5	2	5	3	2	5	5	1	3	3	3	2	1	2	4	4	8	3	3	3	1	1	3	8	3	3	4	2	8	7	9	5	9	7	8	3	9	9	3	3	3	6	9	2	1	3	5	2	8	3	5	4	3	0	8	9	0	8	4	8	4	9	0	4	5	9	3	9	5	2	1	5	9	3	9	8	5	5	3	8	8	9	8	3	8	5	5	8	8	4	7	3	4	3	5	8	2	5	1	0	2	1	8	3	7	0	9	0	3	6	3	9	4	4	1	2	8	3	8	7	8	4	8	3	4	0	0	9	5	1	1	1	5	8	3	2	2	5	2	1	9	2	3	1	2	3	5	0	9	1	1	8	0	3	5	2	0	0	8	2	4	2	2	3	3	0	3	6	9	9	2	5	9	3	9	2	1	2	2	1	4	1	4	3	9	1	2	5	2	8	2	1	2	3	2	9	3	2	0	8	4	7	9	7	8	4	8	5	4	3	0	8	9	2	5	7	4	2	9	9	9	5	8	0	8	7	2	4	1	8	8	8	6	8	5	9	2	5	0	2	2	3	0	3	3	3	8	3	3	9	3	0	4	7	8	3	4	5	1	3	3	3	8	2	8	2	9	5	8	2	7	8	8	5	4	3	8	5	4	3	3	9	9	9	8	4	3	6	8	8	3	3	1	2	5	3	5	3	3	7	2	3	5	2	9	3	7	2	7	5	2	4	1	0	9	3	8	8	8	8	9	3	3	7	4	8	0	2	3	1	9	0	7	8	9	8	9	9	2	9	2	3	8	4	8	2	1	7	5	2	8	9	5	2	3	9	9	2	4	3	5	8	0	4	4	0	4	9	2	5	9	8	2	0	3	3	3	5	2	9	0	3	8	6	0	1	3	9	3	7	9	2	3	9	0	8	8	9	3	8	4	5	8	9	3	9	2	2	3	8	5	1	5	1	2	3	8	3	8	8	0	2	3	8	1	9	9	1	9	4	1	2	5	9	5	3	3	3	3	3	3	5	7	5	4	3	3	8	4	9	5	2	9	3	4	1	3	5	5	5	9	3	3	1	8	7	1	5	8	3	8	3	3	2	2	6	9	5	8	5	5	9	0	9	5	8	5	9	8	3	2	0	3	2	2	2	4	8	3	2	4	9	1	6	3	8	5	8	2	2	9	2	8	4	8	2	2	8	8	5	8	9	2	0	8	5	2	5	1	5	2	9	5	5	3	1	8	1	8	5	4	5	1	9	3	2	9	3	9	5	5	5	2	2	5	2	9	9	8	2	5	1	6	0	4	8	8	0	9	4	9	4	2	3	3	5	5	4	8	3	0	0	2	4	5	3	1	4	9	5	3	8	5	9	9	3	8	2	2	3	3	7	9	3	3	2	3	1	8	8	5	1	5	3	8	1	3	3	1	5	3	3	3	5	3	1	6	8	8	4	1	1	4	7	2	5	1	3	8	8	5	2	2	1	2	1	3	5	2	9	3	4	9	2	1	5	8	8	2	3	3	3	4	8	1	4	2	3	9	2	1	1	5	7	5	3	4	8	0	8	8	1	9	5	2	9	9	3	5	5	3	5	8	9	8	4	9	2	5	8	8	0	3	8	3	2	3	3	3	4	1	5	5	2	5	3	1	6	5	2	3	3	2	8	1	3	6	5	8	4	8	0	3	2	5	5	5	5	2	5	1	9	3	3	3	1	9	5	9	1	2	3	9	9	3	6	3	3	3	3	5	2	2	3	5	2	8	6	5	3	4	2	2	2	2	9	1	3	6	2	2	2	1	9	1	5	9	2	4	8	9	8	1	4	9	3	5	2	3	3	1	4	8	5	5	2	1	3	0	9	9	5	3	3	1	5	1	8	3	3	9	3	9	2	3	8	3	2	1	5	3	1	3	2	2	6	8	8	2	8	4	8	9	9	3	5	3	4	3	3	1	4	5	3	9	5	8	7	9	9	9	8	8	2	3	8	6	5	3	2	5	8	8	2	9	8	2	3	1	1	2	3	6	4	5	2	8	8	3	1	4	9	9	5	8	5	9	9	3	6	2	2	4	9	4	4	6	7	6	4	7	4	4	0	9	4	0	2	6	2	2	2	0	2	4	2	6	2	2	3	5	4	4	2	6	4	0	4	4	4	2	0	0	4	4	6	4	4	4	7	8	2	9	6	2	5	4	4	6	4	0	9	7	4	4	1	6	4	2	6	5	6	2	4	4	7	2	2	4	2	4	0	2	4	6	8	4	2	4	6	4	6	4	4	4	5	6	6	4	4	2	7	3	4	4	4	1	4	2	5	4	2	4	6	2	4	6	4	7	7	7	6	6	7	4	2	6	9	7	4	9	2	0	2	8	4	6	6	0	4	4	5	4	2	2	2	8	9	4	4	4	6	0	4	7	6	2	2	0	0	0	4	2	8	4	2	6	2	7	2	4	6	4	4	4	5	1	4	6	6	2	4	0	4	2	4	0	2	2	7	6	4	4	2	2	2	4	6	4	0	4	6	0	6	2	4	4	2	0	4	4	2	6	9	4	2	7	2	8	4	0	2	6	9	2	2	4	4	6	4	2	4	4	9	2	8	7	4	7	5	2	2	4	8	2	2	4	0	4	4	4	4	4	4	4	4	4	6	2	6	4	4	4	6	2	4	2	6	6	2	2	4	4	2	4	0	6	4	4	5	4	0	7	2	4	6	2	7	6	4	5	2	2	6	4	4	6	7	4	4	2	9	6	6	4	2	6	4	2	5	4	6	7	2	4	4	6	4	2	4	4	7	4	4	0	3	2	6	7	4	4	0	4	4	4	4	4	4	4	2	4	4	8	2	5	4	4	2	2	6	4	4	2	4	4	4	6	9	2	6	7	0	0	4	7	6	3	0	2	4	4	2	7	4	0	6	4	4	4	9	0	2	2	2	4	6	4	4	0	5	0	4	2	0	2	4	6	2	5	9	4	4	4	2	4	6	4	0	2	4	6	5	0	4	2	7	6	4	4	6	2	4	4	6	4	4	4	4	4	4	4	4	4	4	4	4	0	6	4	7	4	4	2	4	4	7	6	0	4	2	9	6	1	4	6	4	2	0	7	4	6	4	4	4	4	8	6	4	4	6	0	4	9	5	4	4	4	2	0	4	4	4	0	4	2	7	2	2	6	7	8	0	4	4	6	8	5	6	6	4	1	4	0	2	2	4	9	4	6	2	4	4	4	2	2	6	2	4	4	9	4	4	7	4	2	4	4	4	1	4	9	2	4	7	4	5	4	0	6	2	6	4	4	6	6	4	4	9	4	2	4	4	4	8	2	7	4	4	2	7	8	6	2	4	0	4	9	4	4	6	2	4	4	4	4	8	7	4	4	6	4	6	4	6	9	2	6	4	7	4	2	6	4	4	4	6	2	7	9	4	4	6	8	4	2	7	4	0	0	2	9	4	1	2	2	2	0	4	0	9	6	4	8	2	5	2	4	0	4	6	2	0	4	4	4	2	4	4	4	4	4	0	4	6	7	1	2	7	4	4	4	7	4	0	2	4	4	4	8	4	2	9	4	6	7	4	6	2	1	0	6	4	4	2	7	4	9	3	4	4	4	4	4	3	6	2	2	4	5	4	2	4	8	3	4	4	2	4	6	4	7	4	6	4	7	2	2	2	4	4	2	7	6	6	4	2	5	2	0	4	4	4	5	2	4	4	4	2	4	2	6	2	4	4	4	4	9	6	2	4	9	6	2	4	7	6	7	4	4	2	2	7	4	4	2	6	4	4	4	4	2	4	4	6	2	4	4	7	2	4	6	0	6	0	4	0	4	4	7	4	5	4	2	2	4	9	4	0	6	4	6	4	2	9	4	4	4	2	4	4	8	5	4	4	6	4	8	4	2	2	1	2	4	9	4	5	0	0	6	6	6	4	4	4	7	2	4	6	4	2	0	4	4	6	2	4	7	4	2	4	4	6	2	0	4	0	0	2	4	4	2	4	7	2	4	4	6	0	2	6	2	2	4	4	4	2	3	4	2	4	4	2	6	7	9	9	9	0	4	2	6	6	4	4	4	6	2	9	4	6	4	4	7	4	2	0	6	2	2	6	4	1	4	7	4	4	4	2	6	4	4	4	7	4	3	5	7	4	4	4	6	6	6	6	7	4	2	4	4	2	4	4	4	0	6	4	2	4	4	4	2	4	8	6	2	0	7	0	4	0	4	4	4	4	2	0	6	4	0	4	4	4	9	2	0	0	4	4	4	0	4	2	4	4	4	2	4	4	2	2	4	2	4	4	4	0	0	4	6	8	2	2	6	7	6	6	7	4	4
StartPos:
313	148	129	111	338	119	391	247	351	393	342	366	316	176	362	386	420	136	108	62	347	129	442	343	296	192	342	120	460	299	358	375	351	366	106	278	160	372	110	286	156	320	138	103	242	61	304	27	98	361	386	360	141	77	192	316	39	117	400	222	426	98	266	326	162	379	369	351	362	355	301	126	117	458	119	353	361	360	344	361	361	295	90	352	84	356	55	365	371	129	69	358	118	112	106	386	110	363	93	118	329	355	279	111	94	93	97	206	353	120	125	353	332	112	253	147	41	286	367	127	126	350	358	367	91	364	105	306	75	111	140	359	126	247	59	99	337	184	355	356	361	107	67	25	356	114	122	58	272	156	123	357	22	361	416	100	118	122	342	144	122	33	95	202	50	359	385	361	95	39	276	108	349	66	135	441	247	109	344	116	337	362	150	268	357	369	254	295	383	351	52	121	362	74	115	114	334	145	111	111	189	64	328	255	164	47	159	322	455	129	191	350	362	106	324	363	293	456	427	108	188	86	52	342	349	156	35	332	210	276	100	352	213	110	102	95	33	108	124	308	118	117	333	112	122	51	355	89	153	198	249	62	449	168	121	370	104	189	139	415	436	92	266	348	354	105	161	170	282	68	409	257	94	368	112	207	131	117	251	310	371	419	136	56	107	334	110	326	350	106	362	219	88	300	379	320	74	121	27	142	266	308	143	380	392	241	164	385	14	430	112	387	328	180	296	89	359	113	41	113	184	3	83	416	145	127	186	73	315	373	80	356	356	449	391	143	123	76	336	277	73	454	334	151	86	357	381	346	110	106	273	356	193	75	394	360	113	69	102	354	136	121	110	117	439	110	335	126	40	344	372	438	116	386	43	426	348	114	87	165	459	110	419	137	369	350	402	126	264	394	375	122	90	354	336	75	360	347	115	371	350	310	129	130	386	101	363	395	200	111	353	79	115	361	55	329	354	216	203	352	377	292	347	122	99	305	365	45	21	356	192	123	19	148	115	123	154	137	336	36	359	302	355	361	154	330	37	115	365	82	68	137	137	135	286	387	395	259	117	434	356	263	142	441	51	181	163	389	131	426	98	404	136	31	450	118	365	112	72	446	357	426	116	324	254	402	111	113	369	122	405	391	300	117	301	168	273	373	128	18	349	286	332	129	376	359	365	456	63	349	358	353	350	348	359	281	356	164	120	378	341	17	209	344	149	370	120	369	116	296	314	91	319	129	377	191	358	99	295	330	360	95	108	158	360	134	170	114	358	384	396	413	330	307	342	126	96	353	423	334	94	96	357	354	356	89	397	125	86	185	364	358	342	125	9	147	336	345	87	112	196	340	90	144	355	360	362	346	373	126	190	71	315	105	244	62	414	135	60	121	327	94	416	264	206	354	359	94	442	274	304	146	288	120	45	98	298	242	345	134	347	347	168	338	206	340	353	381	130	177	117	70	136	92	134	213	113	13	270	357	326	158	209	274	389	120	315	366	361	402	119	345	343	422	372	351	247	352	177	105	27	87	123	102	214	458	119	124	194	302	165	373	166	345	318	118	340	14	194	112	107	123	157	310	296	111	122	104	272	114	320	355	382	365	355	147	361	94	335	63	361	118	170	343	376	111	115	359	111	167	123	98	109	63	373	123	345	275	134	65	110	357	107	359	245	114	333	209	424	368	323	139	199	359	35	217	88	340	170	356	102	351	78	338	105	405	64	105	18	71	440	353	85	381	40	99	42	122	297	397	379	119	130	371	110	175	37	8	356	348	48	111	168	347	398	133	358	445	402	21	146	364	109	148	382	122	134	379	353	373	201	128	361	352	329	94	373	332	158	300	115	115	347	138	353	368	342	133	369	126	202	356	365	305	277	99	118	103	153	83	69	359	347	350	129	378	318	384	106	315	142	370	189	113	374	54	346	156	105	337	117	363	241	345	112	347	122	387	49	345	108	37	356	131	435	126	449	113	117	116	357	86	57	102	339	116	311	395	216	120	133	394	83	336	430	242	437	299	102	181	243	43	337	108	366	380	190	66	79	91	292	187	151	355	35	52	370	342	379	362	357	105	140	257	352	343	94	65	393	86	411	130	360	344	111	335	58	127	125	364	335	316	89	394	338	354	345	390	411	315	42	370	102	115	169	258	378	75	114	361	293	438	153	441	111	328	77	361	357	197	115	108	379	354	59	366	124	354	369	397	376	379	363	370	284	105	112	59	345	328	424	387	345	105	243	99	125	93	326	323	379	96	129	152	306	127	356	361	357	118	381	316	360	111	102	102	357	362	349	369	77	35	296	371	107	138	116	107	104	362	354	406	394	113	401	65	94	148	311	369	134	3	393	400	260	361	289	358	57	398	355	354	123	112	146	128	361	138	113	128	369	290	153	135	118	116	120	120	358	119	138	154	322	218	356	57	212	365	352	105	339	127	147	123	134	111	116	354	123	291	120	106	367	5	333	122	349	299	13	110	351	366	184	18	341	124	201	369	253	345	369	118	355	349	111	364	346	323	334	115	347	0	367	39	119	376	337	142	365	55	423	122	290	367	356	262	367	374	366	105	119	135	355	366	358	122	83	355	382	93	355	459	313	380	5	360	366	124	360	395	384	361	86	124	73	101	57	17	164	379	322	358	115	376	124	96	446	34	326	431	447	87	443	94	383	131	326	353	89	145	328	360	120	120	131	115	128	209	118	357	364	40	125	456	111	300	128	297	16	255	387	116	130	108	54	306	90	118	115	373	359	107	122	373	126	128	119	363	403	316	125	135	119	126	453	120	80	274	61	144	367	386	259	374	288	444	133	359	359	358	332	56	116	359	84	77	407	138	119	375	336	263	338	121	150	92	324	354	153	128	101	127	360	113	125	126	351	135	127	383	122	392	117	124	371	273	120	5	116	31	33	60	362	371	279	358	40	142	357	358	324	121	365	175	85	359	105	108	365	379	322	115	373	360	345	371	116	357	424	352	103	40	14	131	352	114	278	371	348	206	62	118	366	430	277	360	119	122	379	319	124	365	161	115	123	129	333	338	125	96	46	103	340	104	365	291	363	135	111	357	1	144	128	91	0	345	121	361	263	60	118	328	113	189	366	115	126	94	325	120	360	136	25	397	119	137	361	187	456	65	123	382	269	107	110	129	363	120	360	369	436	379	279	254	91	120	116	130	87	162	136	353	125	325	430	86	365	370	272	362	355	111	123	363	259	93	129	350	146	50	122	146	95	412	105	105	384	351	353	112	371	173	365	122	346	365	362	122	369	117	107	112	359	299	338	131	109	148	375	362	200	370	117	358	357	353	398	116	187	360	270	362	358	339	127	97	119	351	336	130	117	134	129	134	384	124	365	119	115	368	355	350	352	45	120	361	120	351	364	58	120	363	119	88	367	272	111	69	257	130	157	162	371	117	120	369	333	152	362	349	107	133	117	375	255	78	363	161	118	370	322	120	365	347	63	60	353	206	351	131	390	107	359	131	113	78	123	116	111	198	119	360	16	372	82	114	336	124	350	357	328	370	366	109	363	129	105	297	407	356	322	140	368	363	335	88	364	371	109	61	135	182	136	337	360	399	359	52	347	344	361	281	123	108	111	353	385	366	356	366	273	118	120	119	116	14	104	354	117	156	367	255	354	365	347	135	115	387	139	429	359	118	338	302	349	345	115	125	365	370	298	324	109	325	85	264	319	165	142	137	385	355	123	416	39	186	281	367	165	349	127	104	170	358	134	115	283	109	119	117	357	100	337	376	131	98	309	140	149	117	127	99	349	116	137	4	360	355	458	33	119	311	124	120	363	107	354	118	90	366	436	317	348	121	86	346	155	415	371	362	358	119	122	351	314	117	40	8	108	122	109	284	127	397	65	375	114	43	119	104	108	210	128	354	361	364	69	57	278	379	380	446	434	121	376	375	307	362	286	406	363	364	134	352	330	381	358	368	16	370	268	345	88	116	360	131	358	13	355	257	111	387	363	77	354	376	334	154	354	115	321	397	398	128	366	263	122	108	111	353	366	296	364	365	375	338	121	126	142	89	367	338	391	118	409	55	129	372	106	433	356	377	116	271	305	133	214	103	258	370	108	114	361	305	372	360	362	115	90	153	117	323	131	361	128	362	355	27	112	310	314	62	248	341	173	100	371	388	160	121	370	123	355	368	353	158	331	147	371	352	344	104	105	125	140	82	372	383	112	215	120	125	361	273	345	365	108	141	175	100	114	104	352	382	299	124	132	358	131	288	333	313	19	120	97	119	0	110	379	26	282	361	419	140	361	364	383	279	147	365	302	136	131	360	360	118	343	118	1	357	364	141	360	366	120	161	367	341	107	67	364	365	75	358	190	364	103	124	114	115	362	365	352	131	379	200	336	158	354	367	363	356	361	53	351	392	353	255	130	351	48	125	121	122	305	363	354	50	349	370	362	30	119	325	373	315	121	393	143	121	437	364	349	109	120	93	459	380	365	426	121	117	460	414	93	129	124	365	125	341	396	116	94	368	121	120	315	115	368	79	364	355	80	360	368	340	451	141	362	266	158	322	129	127	182	133	107	398	364	351
MotifWidth:
Mode_0: 12
Mode_1: 10
Mode_2: 12
Mode_3: 10
Mode_4: 15
Mode_5: 11
Mode_6: 12
Mode_7: 12
Mode_8: 12
Mode_9: 10
Pos Reads Width:
Mode_0: 5
Mode_1: 5
Mode_2: 5
Mode_3: 5
Mode_4: 5
Mode_5: 5
Mode_6: 5
Mode_7: 5
Mode_8: 5
Mode_9: 5
Neg Reads Width:
Mode_0: 5
Mode_1: 5
Mode_2: 5
Mode_3: 5
Mode_4: 5
Mode_5: 5
Mode_6: 5
Mode_7: 5
Mode_8: 5
Mode_9: 5
Relative Distances: 
Mode0: (-6,22)
Mode1: (8,23)
Mode2: (0,22)
Mode3: (8,19)
Mode4: (13,22)
Mode5: (4,22)
Mode6: (10,23)
Mode7: (10,22)
Mode8: (-6,18)
Mode9: (0,19)
