Posterior: 14539.5304132
Labels:
1	7	7	7	0	7	1	6	7	1	1	7	1	7	1	3	1	2	7	1	6	1	2	1	4	7	7	1	1	0	7	1	0	1	7	7	6	0	7	3	1	1	2	5	6	3	0	7	1	7	7	7	6	5	2	4	1	7	0	7	7	7	5	1	5	0	1	7	0	7	3	1	7	1	7	7	1	1	2	7	7	5	7	7	2	5	1	7	4	7	6	0	7	7	1	1	7	7	4	4	7	7	1	7	7	1	7	7	7	7	7	7	4	7	1	5	4	0	1	7	7	2	7	7	7	7	7	4	3	1	6	1	7	7	6	1	7	1	0	7	7	7	5	1	6	7	7	7	0	6	7	7	4	1	0	2	6	2	7	4	1	4	1	0	5	7	1	7	1	1	6	7	7	1	7	1	6	5	1	7	7	7	1	7	1	7	1	6	7	7	4	1	7	4	7	7	7	6	7	7	0	3	7	0	7	0	3	1	6	7	5	1	1	4	7	7	6	2	7	7	6	1	4	1	1	4	6	5	1	1	1	7	1	7	1	7	6	2	1	2	1	1	0	7	1	0	1	6	3	2	3	7	7	3	7	7	0	6	1	1	6	4	7	6	1	7	0	7	4	1	7	0	1	1	7	0	3	1	0	7	6	5	2	4	7	1	2	2	7	1	1	2	7	0	7	2	1	7	1	2	6	4	7	1	4	6	4	7	7	5	7	2	1	1	6	2	2	4	0	1	1	1	0	7	6	1	2	6	5	7	6	7	1	0	6	7	1	0	1	0	0	6	1	7	7	7	7	7	7	7	1	7	0	4	1	1	7	5	2	7	1	7	7	7	0	1	3	1	2	7	6	5	1	7	1	5	7	7	7	4	7	7	1	1	1	7	5	7	1	6	7	1	7	7	6	1	7	1	1	7	3	3	7	7	6	2	7	2	3	4	2	2	4	1	0	1	7	1	7	1	1	1	7	7	7	4	7	0	3	7	1	1	6	2	1	1	1	1	1	2	1	5	7	5	4	1	1	1	2	7	6	1	6	2	0	7	1	7	5	5	7	7	7	0	5	4	1	1	6	0	7	1	7	1	1	1	7	7	1	6	1	1	7	7	5	1	0	7	1	7	0	0	0	7	1	0	7	1	1	7	6	4	0	7	0	7	1	1	1	1	1	2	7	0	2	1	7	3	1	7	2	1	7	7	1	7	7	6	7	6	4	2	0	7	0	4	7	7	7	7	1	7	1	0	7	4	1	1	1	2	1	7	1	1	7	7	1	7	2	7	1	1	7	7	1	1	2	7	7	1	7	2	1	7	1	6	5	1	0	2	3	7	3	0	1	7	1	7	1	7	7	0	6	7	0	4	1	4	1	7	0	4	1	2	3	7	1	6	1	0	2	2	1	7	4	1	3	2	1	1	7	7	1	2	6	7	6	1	1	7	7	7	1	0	7	7	7	6	2	7	7	4	6	1	6	7	0	1	1	7	1	7	5	2	1	6	7	1	1	7	6	7	7	6	0	5	1	1	0	1	4	1	2	3	7	1	7	4	4	7	1	2	0	5	4	1	6	7	5	7	7	7	1	1	1	1	7	7	0	1	7	7	6	1	7	7	0	7	2	6	1	6	7	6	1	1	1	7	1	2	1	7	7	7	2	7	2	1	6	2	4	1	7	4	2	2	7	7	7	1	7	1	3	0	7	2	2	7	7	2	1	7	4	1	0	7	2	6	1	2	7	7	1	5	1	2	4	0	7	1	6	7	2	7	2	2	7	5	1	0	1	1	1	1	3	2	1	1	7	1	1	7	2	1	6	6	4	1	6	1	7	1	0	7	7	7	1	7	7	7	0	2	1	2	3	7	7	2	0	7	1	1	7	7	1	1	7	4	7	0	4	7	2	7	0	2	7	7	7	2	7	7	2	7	1	7	7	1	1	1	6	6	7	1	1	7	0	7	7	7	7	7	1	7	7	7	1	1	3	5	4	4	7	1	0	0	1	1	7	3	2	1	2	7	1	2	6	0	7	5	7	1	1	7	4	1	1	1	7	7	7	1	4	7	7	7	1	1	7	6	3	1	1	7	1	7	5	1	7	1	7	1	7	1	0	7	7	7	2	7	1	7	2	5	6	2	4	1	6	2	0	5	1	1	1	7	1	1	4	7	7	7	4	7	1	1	2	7	2	1	6	1	7	7	1	7	7	3	7	7	3	1	7	1	0	1	1	7	7	2	1	0	7	4	4	1	0	1	1	7	3	4	1	1	7	7	7	1	1	7	5	5	0	4	1	4	4	5	2	0	4	5	4	5	0	6	4	0	0	7	2	3	5	0	6	5	3	5	5	6	7	6	5	5	5	5	4	3	4	5	4	5	6	4	4	5	3	5	4	5	4	2	0	2	5	0	5	5	5	6	4	4	2	5	5	5	5	4	4	2	4	7	4	5	4	4	5	3	0	5	5	5	5	6	4	3	5	0	6	4	4	4	4	4	5	3	5	3	3	4	5	3	5	7	4	0	4	7	5	1	0	4	0	5	3	5	4	5	5	6	0	0	5	3	3	5	0	6	5	5	4	1	5	0	5	0	4	4	3	3	5	4	5	4	0	5	3	0	1	5	4	5	3	2	5	3	5	3	0	5	1	0	4	3	5	4	6	0	5	3	0	4	3	5	3	5	7	6	4	5	4	6	5	3	5	3	4	0	2	5	6	3	4	4	5	6	5	4	3	4	3	4	4	2	3	6	4	4	3	0	4	3	0	3	2	4	0	7	0	5	4	2	4	5	5	3	6	4	5	3	5	3	4	5	1	6	7	5	5	4	6	4	2	4	2	2	2	5	5	2	5	4	4	5	4	4	3	4	5	0	3	4	4	4	4	3	0	5	5	3	0	6	5	2	7	5	0	5	4	4	0	4	0	6	3	4	4	0	5	3	4	7	6	3	7	4	5	4	4	4	4	2	0	4	5	5	2	5	5	6	5	5	5	6	0	4	4	4	5	3	4	4	4	4	5	3	7	0	3	7	4	4	2	4	5	4	4	5	4	6	3	4	4	7	4	6	5	5	5	0	5	4	5	0	4	5	4	5	1	5	3	6	5	5	3	4	4	4	0	6	4	5	2	3	4	1	3	4	4	4	5	3	0	4	5	4	4	5	4	2	5	5	4	3	5	2	5	3	3	5	1	5	5	4	0	4	3	4	0	5	4	3	2	0	5	2	5	3	4	4	3	2	4	4	4	3	5	5	5	4	4	4	0	4	4	5	4	5	5	5	2	4	4	3	5	5	0	3	6	4	2	0	5	6	5	5	4	5	2	5	4	1	5	4	4	4	2	3	4	5	2	2	4	1	5	5	4	5	3	2	5	4	5	6	5	5	5	3	3	6	0	7	3	5	5	4	6	7	5	4	5	1	4	3	1	6	5	5	4	3	3	5	5	5	2	0	5	5	4	5	0	4	5	3	5	2	4	4	3	5	5	0	3	4	5	4	5	3	3	3	6	3	5	5	5	4	4	5	1	5	5	0	5	5	7	5	3	4	5	6	5	4	1	4	4	0	5	2	4	5	2	2	5	5	4	4	5	2	4	5	4	5	5	4	5	5	3	5	5	2	5	5	4	4	4	5	3	0	5	1	4	4	5	7	5	0	0	4	0	5	2	6	5	5	0	3	5	5	4	0	4	4	5	5	0	5	2	4	0	4	4	0	4	4	5	4	3	4	5	4	4	5	3	5	3	3	2	6	2	5	4	4	4	5	3	0	5	5	5	7	4	1	1	4	3	0	4	3	0	6	5	4	4	4	3	3	4	1	7	4	5	5	4	5	7	5	0	4	4	6	5	5	0	7	7	4	5	2	5	4	5	0	5	6	4	3	3	2	3	4	4	5	4	3	5	4	6	5	3	5	5	5	4	7	0	4	5	3	5	5	4	3	5	6	5	4	5	6	5	3	4	5	3	0	5	1	3	4	5	5	2	5	2	4	5	5	5	5	4	4	4	5	4	5	5	3	5	4	6	5	4	5	4	3	0	0	0	5	5	4	5	6	4	0	6	4	2	5	2	3	4	3	4	4	2	4	4	4	5	4	4	7	5	4	4	3	5	5	5	2	5	7	0	4	1	4	2	0	4	3	5	5	5	4	4	4	5	5	4	5	0	0	4	5	5	2	5	0	4	5	5	5	3	4	6	4	5	0	5	4	5	6	5	0	3	4	4	5	6	6	5	6	7	4	5	5	3	5	4	2	5	4	2	4	5	1	2	5	3	4	2	3	4	4	5	4	3	3	0	4	4	4	4	0	5	0	3	3	6	0	3	5	2	5	0	4	0	5	6	3	4	5	4	2	0	1	2	5	4	4	5	3	3	3	0	0	6	5	4	4	5	4	5	4	4	4	4	2	5	4	4	0	4	1	5	6	5	0	2	5	0	4	4	5	5	6	0	5	4	0	4	5	4	3	6	3	5	4	4	5	5	4	2	5	5	5	3	5	4	0	5	5	0	4	4	5	4	6	4	0	3	4	6	5	2	5	5	5	5	4
StartPos:
313	324	129	111	417	353	130	156	121	393	342	106	359	296	362	139	420	338	364	262	459	129	444	219	171	37	130	395	8	326	114	375	200	49	110	194	110	80	362	334	156	320	335	104	129	99	42	445	98	111	112	112	268	78	278	151	255	117	73	406	46	374	124	326	163	81	369	355	368	117	317	126	355	458	123	353	111	360	130	111	111	296	94	356	304	357	374	107	96	343	353	371	122	112	106	386	114	109	374	349	143	359	39	115	378	119	101	210	353	352	347	119	390	112	439	148	426	453	367	345	346	352	358	105	381	108	367	161	385	111	99	359	130	338	337	356	135	184	336	116	111	365	64	354	102	114	350	62	266	195	349	361	445	361	263	374	108	278	130	323	122	434	95	268	51	363	385	111	95	429	285	108	353	66	337	441	13	308	124	356	135	110	150	204	357	103	199	27	89	121	415	109	110	393	357	118	138	281	115	111	281	415	328	32	308	255	78	322	384	343	180	350	362	361	364	363	61	18	45	364	111	86	415	342	349	311	80	327	210	93	372	352	255	114	102	377	95	55	455	121	354	117	195	360	350	14	355	98	153	276	54	62	23	336	351	374	426	31	79	415	345	375	325	434	354	367	312	302	267	68	373	273	374	368	360	98	337	355	340	299	348	420	138	411	365	334	112	83	354	364	362	329	88	101	93	333	74	351	369	385	266	159	108	380	79	282	303	87	343	431	360	343	328	180	132	95	308	354	84	113	184	7	56	56	161	127	72	324	316	373	81	116	356	60	14	147	123	77	132	196	251	88	334	192	296	115	110	126	362	366	273	116	277	392	381	360	359	70	347	354	136	351	362	355	443	389	389	126	46	128	404	439	116	86	425	427	124	358	91	302	13	362	42	133	369	122	403	346	131	369	97	122	382	354	17	120	112	147	115	101	346	116	343	134	257	54	109	73	376	46	367	264	352	111	415	329	118	216	269	352	377	292	125	350	370	162	107	425	131	116	280	123	33	73	115	123	154	137	336	37	359	30	117	290	313	330	117	357	105	86	127	373	141	297	283	85	395	357	278	435	116	267	330	25	52	286	112	299	15	336	102	404	336	358	156	118	107	360	338	24	357	76	356	148	251	121	284	359	369	350	430	438	436	355	301	304	199	373	128	454	358	181	58	343	272	113	365	101	364	349	358	359	350	75	87	80	116	381	120	94	113	122	106	128	149	370	268	366	116	365	153	48	352	133	301	375	114	373	177	142	360	377	112	371	364	333	170	114	342	361	396	417	95	307	130	111	376	119	253	338	148	96	115	118	116	89	81	125	90	185	108	116	365	347	326	412	333	345	342	362	348	344	304	326	355	364	362	350	373	346	282	326	352	367	13	334	380	332	60	351	331	373	416	266	208	118	359	462	442	268	422	347	296	398	422	98	452	251	345	134	351	125	168	339	333	132	119	111	338	363	121	393	427	302	138	259	113	13	272	115	330	309	197	60	393	352	409	366	361	70	349	349	11	432	392	59	334	352	177	367	353	91	123	347	252	459	119	124	276	302	302	373	88	277	154	118	344	273	273	360	107	344	366	195	171	357	270	104	273	358	324	117	382	133	355	147	111	378	409	399	111	354	437	343	96	361	431	113	113	142	123	310	109	39	373	123	127	306	134	68	358	115	365	113	251	358	55	359	270	106	144	353	199	108	339	14	92	340	302	125	370	117	131	342	105	84	66	367	22	148	392	119	382	381	218	54	48	359	297	264	93	353	130	372	110	334	430	83	116	348	431	111	51	351	351	90	114	446	402	455	146	71	363	148	407	404	134	375	119	95	299	344	136	352	329	115	94	332	325	111	357	115	126	334	119	104	119	133	103	346	448	358	95	30	134	103	354	105	312	87	350	359	125	361	129	94	154	87	110	286	325	102	353	359	41	103	350	36	109	346	353	363	52	127	112	125	122	387	419	345	280	141	116	131	435	346	316	359	355	356	115	90	166	364	133	120	126	395	218	127	209	73	339	170	314	110	437	173	370	183	357	106	314	108	366	382	264	168	108	92	376	187	151	355	432	52	370	144	349	110	115	367	327	215	118	347	109	407	79	221	379	130	108	128	111	335	443	345	347	364	137	316	383	394	283	118	127	82	361	315	426	102	104	84	352	340	93	75	78	137	454	439	153	441	111	144	391	361	110	275	357	108	88	358	109	366	345	354	46	397	435	379	109	102	349	367	360	61	349	144	14	81	88	105	42	99	125	367	146	325	335	90	343	319	161	341	353	361	143	354	62	151	360	365	106	370	361	362	349	103	295	361	258	96	107	329	351	389	366	61	113	128	73	114	111	35	373	288	273	158	309	419	142	70	55	362	386	355	121	18	117	195	124	367	368	125	106	138	354	129	98	341	91	335	349	117	122	121	109	120	106	320	423	274	353	292	149	366	121	307	128	346	327	354	135	112	335	117	344	100	351	110	104	120	134	345	350	351	431	111	329	367	123	390	126	126	406	140	68	122	102	349	116	118	112	370	126	325	336	352	348	394	127	433	348	422	130	142	366	33	392	345	446	368	358	127	100	371	367	306	155	10	352	368	357	123	294	446	376	93	112	459	367	167	362	41	101	347	362	395	385	106	136	343	364	111	340	285	164	380	145	359	117	156	125	94	443	178	453	457	156	195	24	124	370	336	311	200	105	128	34	107	122	121	137	116	132	351	349	354	107	57	126	126	112	108	339	170	80	317	22	118	337	359	127	65	128	349	117	94	359	360	349	94	128	10	348	104	123	62	342	141	184	128	21	347	440	269	71	368	100	328	349	371	19	374	429	108	360	360	333	128	351	360	84	90	65	128	120	369	86	377	49	346	324	103	459	355	151	101	102	340	107	114	342	113	357	332	114	396	124	16	350	343	100	376	64	129	113	33	27	83	363	300	342	359	430	139	110	109	23	346	36	272	152	108	112	318	355	381	145	119	280	381	436	96	117	114	103	115	364	51	86	340	349	115	294	368	349	86	410	119	363	179	35	107	348	349	380	64	343	102	86	352	124	129	139	45	127	280	421	364	334	363	366	176	104	136	356	266	374	323	339	381	347	15	122	362	124	209	115	139	114	122	101	116	341	360	325	337	362	87	101	395	125	348	110	352	14	376	344	383	75	129	357	40	365	347	107	98	122	382	413	104	121	347	355	131	380	52	365	126	342	364	348	156	366	372	133	110	355	112	124	104	200	127	131	117	291	353	345	148	101	153	106	108	124	353	114	355	373	434	102	345	125	113	363	123	370	350	360	355	181	168	129	132	358	143	372	363	66	97	350	121	358	354	258	387	195	107	312	117	355	344	344	349	348	110	131	120	350	109	130	333	83	343	109	121	352	369	299	378	115	45	355	362	347	352	387	271	121	104	120	336	368	370	135	353	110	71	314	310	146	118	121	102	261	156	359	343	108	339	350	439	80	79	364	350	349	372	207	121	366	348	336	75	350	359	116	132	394	360	360	129	114	342	344	351	117	118	120	97	409	95	100	353	368	130	356	359	142	372	367	110	360	342	362	298	407	357	353	16	369	364	137	355	364	96	110	206	121	102	462	82	107	71	360	422	120	345	339	282	124	109	356	114	116	23	111	367	198	119	117	348	113	105	172	351	118	293	368	380	117	102	120	136	117	351	372	429	108	349	125	427	121	212	376	342	106	365	341	328	110	389	85	336	381	119	325	332	340	116	124	353	74	119	295	365	305	118	344	94	348	109	135	352	150	358	120	350	110	101	135	377	133	94	311	330	411	118	349	368	114	117	137	349	331	115	459	439	348	404	124	347	365	364	113	120	116	404	355	349	119	346	105	349	312	415	101	105	359	120	345	352	158	114	387	354	359	107	110	366	276	75	257	92	115	102	120	367	109	291	129	276	106	363	348	64	374	88	87	358	103	123	373	92	16	110	184	107	364	365	333	356	324	86	359	374	340	371	438	347	123	54	361	336	113	13	352	363	356	394	365	320	355	263	334	95	355	116	322	115	315	339	367	365	119	109	356	114	101	366	103	366	372	121	122	341	265	99	100	122	357	120	61	289	363	373	107	92	357	91	351	418	56	334	260	104	375	372	359	116	106	340	102	107	105	110	128	314	350	149	111	106	339	364	356	353	113	311	385	62	102	126	173	367	96	298	108	123	367	120	356	99	114	101	98	148	100	353	430	369	362	126	137	325	373	283	355	353	121	126	363	350	89	102	112	329	356	367	115	364	353	66	113	343	335	355	313	282	330	21	107	347	98	120	129	117	88	381	360	106	327	331	110	364	25	142	360	102	77	138	340	107	361	349	345	322	421	110	107	326	107	190	121	267	369	343	116	76	366	366	77	359	281	103	421	125	125	117	105	366	115	324	162	200	342	100	113	100	364	358	363	55	459	74	269	351	337	116	358	342	122	345	353	108	113	59	350	97	105	191	348	325	370	124	116	362	57	122	384	103	118	110	252	335	10	377	102	159	346	363	62	363	26	129	355	102	379	342	119	351	98	369	122	121	138	116	99	444	334	356	448	107	99	341	106	310	105	328	110	345	63	124	37	130	104	396	365	116
MotifWidth:
Mode_0: 12
Mode_1: 10
Mode_2: 10
Mode_3: 12
Mode_4: 14
Mode_5: 13
Mode_6: 12
Mode_7: 10
Pos Reads Width:
Mode_0: 5
Mode_1: 5
Mode_2: 5
Mode_3: 5
Mode_4: 5
Mode_5: 5
Mode_6: 5
Mode_7: 5
Neg Reads Width:
Mode_0: 5
Mode_1: 5
Mode_2: 5
Mode_3: 5
Mode_4: 5
Mode_5: 5
Mode_6: 5
Mode_7: 5
Relative Distances: 
Mode0: (10,21)
Mode1: (7,19)
Mode2: (10,21)
Mode3: (12,22)
Mode4: (10,28)
Mode5: (10,22)
Mode6: (10,20)
Mode7: (9,19)
