Posterior: 14557.9261466
Labels:
8	0	6	0	1	0	3	4	0	4	0	0	4	0	0	8	4	0	0	4	0	0	6	4	2	5	0	0	0	0	0	0	3	4	0	0	4	6	0	6	6	0	1	7	4	3	1	0	0	0	0	0	8	2	0	2	8	0	6	0	0	0	5	0	5	6	0	0	3	0	3	0	0	0	0	0	0	4	0	0	0	7	0	0	8	7	4	0	2	0	1	1	0	0	4	4	0	0	2	2	0	0	4	0	0	0	0	0	0	0	0	0	3	0	6	5	2	1	0	0	0	0	0	0	0	0	0	2	6	0	4	4	0	0	6	0	0	4	8	0	0	0	7	4	3	0	0	0	8	3	3	0	2	0	4	0	4	7	0	7	6	2	4	8	2	0	4	0	4	0	4	0	0	4	0	0	6	5	0	0	0	0	0	0	0	0	6	6	0	0	2	0	0	2	0	0	0	5	0	0	1	5	0	8	0	3	6	0	1	0	7	0	4	2	5	0	7	0	0	0	1	0	2	0	0	2	4	7	4	1	0	4	0	0	0	0	4	1	0	1	0	4	6	0	0	8	0	1	8	3	5	0	0	3	0	0	6	1	1	4	6	2	0	6	0	0	6	0	2	1	4	8	4	0	0	4	6	0	1	1	6	7	0	2	0	0	0	1	0	0	0	3	0	1	0	3	4	0	4	5	0	2	0	4	2	6	2	0	0	7	0	1	6	4	0	3	6	2	8	4	4	1	0	0	1	0	3	0	7	6	3	0	0	1	4	0	4	0	2	1	1	6	0	3	0	0	3	0	0	0	4	0	8	2	6	0	0	5	2	0	0	0	0	0	1	0	8	4	4	0	1	8	0	6	1	5	0	0	0	2	0	0	0	4	0	0	7	0	0	1	0	0	0	0	8	6	0	4	0	0	7	3	0	0	6	4	0	0	4	2	6	6	2	0	6	4	0	4	0	0	0	4	0	0	0	2	0	8	8	0	0	4	3	0	0	4	4	0	0	3	0	8	0	7	2	0	4	0	1	0	4	0	4	3	8	0	4	4	5	5	0	0	0	4	5	2	3	0	5	1	0	0	0	8	8	0	0	0	4	6	0	4	0	6	7	0	7	0	0	0	6	6	6	0	0	8	0	0	4	0	6	5	6	0	4	0	4	4	4	4	0	3	0	1	4	1	0	8	0	0	3	4	0	0	5	0	1	4	0	4	2	3	6	0	4	6	0	0	0	0	0	0	6	6	0	2	0	0	0	2	4	0	4	4	0	5	0	0	6	0	4	1	2	0	0	0	3	6	0	0	0	0	0	0	0	6	7	0	1	0	5	0	6	8	0	0	1	0	4	0	0	6	1	0	1	2	1	2	0	0	8	2	1	6	3	0	0	6	0	3	8	4	1	0	2	4	3	3	0	0	7	0	4	3	1	0	0	4	0	0	0	0	4	1	0	4	0	0	3	0	0	2	5	8	4	0	8	0	0	0	0	0	7	1	4	6	6	0	4	0	4	0	0	1	0	3	0	0	8	0	5	4	3	3	0	0	0	8	2	0	0	1	1	5	7	0	3	0	5	0	0	0	0	0	0	1	0	0	8	4	0	0	3	6	0	0	1	0	3	6	3	3	0	3	0	0	0	0	0	4	0	0	0	0	1	0	8	4	6	4	2	0	0	2	3	4	0	0	0	0	0	0	8	1	0	1	0	0	0	8	6	0	5	3	1	0	0	7	3	4	0	0	1	5	0	3	2	6	0	4	1	8	4	0	3	8	0	5	0	8	1	4	4	4	3	6	0	0	0	4	0	0	0	0	4	0	7	0	6	0	0	0	8	0	0	0	6	3	0	0	8	4	0	0	0	0	0	6	8	0	4	0	0	0	0	0	0	2	0	6	2	0	1	0	0	1	0	3	0	8	0	0	1	0	0	0	0	0	4	4	0	4	0	4	0	0	1	0	0	0	0	0	1	0	0	0	6	0	5	3	3	2	0	6	6	8	4	0	0	5	6	4	8	0	4	6	3	1	0	7	6	0	0	0	2	4	0	6	0	3	0	4	5	0	0	0	6	4	0	1	6	0	0	0	0	0	3	0	0	0	0	0	0	4	8	0	0	0	8	0	4	0	4	7	1	0	2	0	1	6	4	7	0	4	4	0	0	0	2	0	0	0	2	0	0	4	6	0	8	0	0	4	0	0	0	0	0	3	0	0	6	3	6	0	0	4	0	4	0	0	4	6	0	2	2	0	8	6	4	0	6	2	4	6	0	0	0	0	0	0	7	5	1	2	4	2	2	7	3	5	2	7	2	7	1	5	2	8	8	0	3	6	5	1	7	5	3	5	7	1	0	0	7	5	5	5	2	8	2	7	2	5	1	2	2	7	6	5	7	7	2	0	5	3	5	1	5	5	5	7	2	2	0	5	5	5	5	2	2	5	2	0	2	7	2	7	7	8	5	5	5	5	1	3	5	6	5	5	6	2	2	7	2	2	5	5	5	5	6	5	5	3	5	0	2	8	2	0	7	0	7	2	5	7	7	5	2	2	5	1	3	1	7	0	3	5	1	1	4	1	2	4	5	8	2	8	2	2	6	8	7	2	4	2	6	5	6	4	7	5	7	5	2	6	5	8	5	3	8	5	8	8	2	5	7	2	7	1	3	3	8	2	6	7	2	7	0	6	2	5	2	4	5	1	7	1	2	8	6	4	8	5	7	2	5	1	8	2	8	2	7	7	2	3	7	8	2	2	3	3	2	2	6	5	6	7	5	0	7	2	2	1	5	5	4	3	4	5	2	0	5	6	2	7	0	1	0	6	5	2	6	6	3	2	5	4	6	5	8	7	7	2	1	7	7	7	5	2	7	8	1	2	2	2	2	8	8	5	5	8	5	1	5	3	3	5	0	7	7	2	8	2	1	6	8	2	2	6	5	1	5	6	1	6	7	2	7	2	7	2	2	3	4	2	5	7	3	7	5	4	6	7	7	6	1	2	2	2	7	4	7	2	2	2	5	8	0	5	1	6	2	2	8	7	5	2	2	7	2	2	8	2	2	0	5	1	7	7	7	5	5	3	5	8	2	3	2	5	4	5	2	5	7	8	7	1	2	2	3	5	2	5	1	7	5	4	2	2	2	7	3	2	1	7	5	2	2	5	4	3	7	5	2	1	7	3	7	3	1	1	1	7	2	2	1	5	2	2	5	7	7	5	8	3	7	5	5	5	2	2	6	6	5	2	7	7	7	5	2	2	5	2	1	5	2	7	7	7	7	5	3	5	5	7	5	5	3	5	1	2	7	4	1	7	7	5	2	5	1	3	5	7	7	2	2	2	3	3	2	5	0	3	2	0	7	2	2	7	1	5	7	7	5	8	7	5	3	6	6	7	1	0	8	5	5	2	7	0	5	2	5	5	2	1	7	5	5	3	2	7	6	7	7	5	7	7	5	5	2	5	1	2	7	6	7	6	2	2	8	5	7	2	6	2	8	3	2	7	6	2	7	5	5	5	7	5	2	5	4	7	7	7	7	7	0	5	3	2	2	4	1	6	3	7	2	8	5	4	2	5	7	3	7	5	2	2	7	1	5	7	2	5	5	2	5	7	8	5	7	1	7	5	6	2	2	7	6	8	7	0	2	2	5	4	2	1	1	2	3	8	6	6	2	5	8	1	7	7	2	8	5	2	5	5	6	1	3	5	1	2	5	8	3	2	7	2	8	2	7	2	2	7	5	7	5	7	7	6	3	5	2	2	2	5	8	8	7	7	5	0	2	8	0	2	3	8	2	0	8	7	5	5	2	2	3	4	5	2	0	2	5	5	2	5	0	2	5	3	2	1	5	7	2	0	0	8	3	1	7	2	7	1	7	5	2	5	8	5	8	2	7	8	5	7	7	2	3	5	3	5	5	7	5	2	1	2	5	2	2	5	2	6	5	1	7	2	5	4	7	5	2	7	1	8	7	3	3	2	7	5	5	4	3	2	5	5	5	5	7	5	2	7	2	5	5	6	7	2	8	7	2	5	2	3	8	2	3	7	5	2	7	0	2	8	6	2	6	5	1	1	2	2	5	2	6	2	2	2	7	2	2	3	7	2	2	1	5	5	5	3	8	0	3	2	4	2	6	8	2	6	3	2	5	2	2	5	8	6	2	7	6	7	2	7	7	3	5	3	2	5	7	5	5	2	8	2	5	1	5	2	8	1	5	8	1	2	2	5	8	8	0	6	0	2	7	5	8	0	7	1	2	2	6	2	6	4	8	7	3	2	5	3	2	7	5	2	1	3	3	5	2	4	2	8	7	8	8	6	7	8	5	7	3	7	8	2	1	7	6	2	7	5	5	3	5	0	3	5	2	2	5	8	7	5	8	3	7	6	5	2	7	2	7	2	2	5	2	3	5	2	7	6	7	7	5	6	1	8	1	7	3	2	5	2	5	8	2	5	2	4	2	5	2	3	7	3	5	2	2	5	5	2	4	3	5	7	6	5	7	4	7	7	6	5	2	5	1	3	2	7	6	1	8	5	3	7	5	7	5	2
StartPos:
381	324	129	111	418	353	79	313	121	79	130	106	43	296	110	85	52	336	364	210	125	343	334	253	172	328	130	352	464	68	114	97	200	85	110	194	362	107	362	395	414	152	330	365	336	260	164	445	374	111	112	112	330	391	358	152	400	117	362	250	46	374	124	146	163	127	103	355	372	117	354	346	355	14	123	353	361	112	128	111	111	173	94	356	301	112	98	107	97	343	71	81	122	112	366	86	114	109	375	340	143	359	433	115	378	353	101	210	353	352	347	119	339	112	408	148	427	438	105	345	346	350	358	105	381	108	367	162	450	361	373	113	130	338	267	116	135	288	337	116	111	365	379	118	342	114	350	62	267	93	82	361	446	111	301	372	364	317	130	324	350	435	377	347	418	363	87	111	377	43	336	108	353	406	337	31	138	308	348	356	135	110	322	204	115	103	216	297	89	121	416	363	110	394	357	118	138	266	115	111	56	391	328	446	308	422	115	150	22	343	289	122	110	362	325	363	363	16	45	364	281	386	416	130	123	312	392	142	262	332	118	352	217	114	370	377	377	15	128	121	118	355	158	360	122	15	117	426	317	276	49	62	23	96	351	374	199	303	324	57	368	376	325	363	118	367	106	302	268	315	63	255	98	104	360	114	140	117	28	302	346	49	136	412	365	94	110	83	354	108	110	217	88	298	93	333	398	351	103	137	206	160	108	92	80	378	304	87	343	38	360	80	288	292	311	95	335	355	85	359	288	31	87	56	324	345	72	155	153	188	347	116	116	321	458	147	349	326	124	194	359	355	138	319	296	115	307	126	362	366	199	116	278	393	390	112	359	70	353	354	336	351	362	355	203	362	93	346	201	128	68	350	356	299	138	427	124	358	91	303	13	362	53	335	103	122	66	346	341	348	97	350	382	354	371	395	112	325	357	101	21	354	343	134	255	448	109	148	112	47	100	306	353	361	115	143	118	353	269	120	95	180	125	350	370	163	107	426	324	116	192	349	46	71	357	349	318	335	136	37	113	294	117	179	314	142	355	115	76	86	324	99	175	297	284	85	184	213	278	435	116	267	330	125	52	287	310	173	357	53	102	68	336	157	67	354	107	360	76	97	115	396	356	148	218	351	318	359	103	350	329	325	356	355	171	303	199	99	344	454	52	287	138	343	96	113	107	371	108	123	114	359	350	76	85	315	116	90	352	94	114	350	106	128	31	370	392	103	116	176	154	93	277	133	95	279	114	373	177	142	112	377	164	337	364	334	302	358	114	84	76	351	415	165	130	127	96	119	256	338	324	12	79	118	356	383	81	347	90	287	108	114	107	347	146	354	136	127	23	360	343	344	154	327	117	364	120	350	99	346	282	361	337	367	382	335	158	333	412	351	322	374	56	124	263	118	113	42	30	287	330	326	20	398	423	442	460	251	127	338	400	125	304	339	261	132	357	361	134	363	121	393	45	36	138	152	113	459	127	115	330	310	364	438	83	352	284	106	111	70	123	349	458	100	302	124	352	120	295	367	123	91	123	364	206	327	353	348	277	170	166	99	330	191	154	354	344	99	274	360	365	345	214	195	172	115	98	104	273	358	324	117	90	339	117	340	111	378	407	91	111	354	291	59	96	361	322	113	113	305	284	253	109	53	99	349	345	306	338	65	114	115	365	113	57	358	101	113	48	104	145	455	199	109	468	158	92	340	302	116	370	355	298	340	105	85	64	367	22	63	270	119	359	93	216	99	46	89	340	355	93	353	45	372	362	335	431	51	116	124	189	297	70	351	351	93	114	446	70	459	209	401	109	324	332	138	338	97	119	373	173	344	365	120	143	378	95	140	399	361	357	357	35	334	119	104	261	300	103	346	449	388	337	325	353	103	354	280	316	87	327	113	125	361	343	378	154	88	110	30	326	102	171	359	82	104	350	310	109	403	353	363	53	127	360	125	122	85	53	127	108	331	116	341	37	346	314	359	355	356	115	90	257	364	133	120	300	77	213	339	300	74	339	146	254	161	60	299	370	178	85	366	282	108	106	61	92	261	108	377	376	285	321	355	433	114	102	128	349	53	115	105	141	215	118	347	275	65	79	385	169	342	364	128	361	335	27	127	347	108	137	156	383	78	284	118	127	82	255	315	46	114	102	385	43	120	94	397	150	109	146	30	319	31	361	144	81	111	111	275	357	108	89	358	413	106	346	354	295	75	73	93	109	102	123	367	112	415	349	144	352	344	88	367	354	373	347	367	146	323	379	208	343	320	162	131	347	280	394	354	308	152	112	365	106	370	361	110	123	103	174	361	89	97	365	330	352	80	366	359	114	341	74	355	171	348	374	289	120	158	309	403	142	68	128	362	87	355	348	152	117	358	345	367	368	125	107	333	355	340	99	341	255	336	350	352	438	121	110	349	107	318	79	274	353	313	149	366	353	99	129	347	325	354	135	112	335	118	345	315	352	110	105	349	93	346	119	290	122	111	329	367	202	325	342	307	406	370	383	123	103	350	117	119	112	365	126	376	421	116	348	119	127	433	349	163	131	142	103	439	44	346	122	101	116	127	101	98	367	50	351	330	117	127	120	123	296	437	90	344	113	13	367	174	107	42	102	348	147	325	84	107	90	344	380	111	12	455	101	380	146	359	357	24	125	415	443	62	424	97	55	384	25	119	99	337	349	208	63	324	28	108	60	348	337	353	132	347	350	354	108	419	126	12	357	302	340	171	431	266	202	113	338	360	127	132	80	350	73	95	127	361	350	116	346	287	349	105	467	155	343	333	295	123	272	348	366	269	339	101	101	217	119	371	184	11	40	360	109	96	333	144	352	109	392	341	65	62	120	370	134	461	342	347	104	201	190	355	315	340	367	341	24	355	343	342	352	333	79	397	350	17	351	344	101	414	65	129	113	264	362	74	363	300	346	359	93	330	355	110	24	347	102	435	316	109	113	460	355	51	323	140	269	59	151	97	352	115	104	116	365	51	458	341	349	354	92	101	349	386	67	350	106	297	187	108	349	350	89	372	344	103	87	353	124	341	139	113	283	280	422	365	130	364	366	177	105	333	357	111	81	324	340	381	121	407	347	107	345	353	115	278	114	123	102	304	342	360	147	337	112	126	368	271	349	18	111	353	55	124	345	383	271	345	111	432	109	348	108	99	84	92	278	105	121	348	356	131	78	52	104	126	343	287	121	319	103	305	73	258	94	357	345	105	191	94	343	118	147	116	346	143	95	100	363	349	124	110	115	356	324	315	366	346	196	103	106	123	99	351	108	356	98	300	130	337	145	326	97	363	110	371	118	343	358	354	71	113	284	108	100	110	305	102	341	349	349	110	131	336	118	338	339	334	84	344	109	291	353	369	297	83	116	427	114	107	348	117	36	313	348	105	120	154	101	370	358	299	59	342	251	310	157	118	121	103	115	156	359	344	108	346	351	29	103	118	364	314	350	102	270	348	103	348	340	107	350	359	117	132	392	361	109	24	355	345	345	352	360	356	349	362	95	96	91	308	101	344	289	115	90	367	367	110	109	126	363	298	65	112	116	328	100	105	137	355	106	97	359	372	341	187	304	83	108	78	360	420	121	345	464	55	345	109	357	115	353	329	357	102	199	119	117	349	113	364	305	351	351	30	101	380	276	103	121	333	302	355	97	43	109	350	125	284	348	210	161	343	104	100	202	326	359	389	80	403	88	350	267	333	128	117	124	353	318	296	295	103	286	119	124	95	88	110	334	353	318	359	349	351	111	368	341	92	128	123	353	328	425	118	350	369	115	117	334	350	138	354	459	439	349	321	348	348	95	365	114	16	402	356	355	119	120	347	93	456	156	210	101	106	359	120	346	352	158	355	352	51	360	63	110	103	341	75	257	96	103	54	349	368	360	41	340	351	107	358	145	363	121	89	88	449	365	351	96	93	16	110	209	107	364	104	135	103	281	87	359	100	129	371	439	347	123	201	108	337	113	459	117	358	357	75	81	284	114	94	10	96	114	116	355	409	315	340	367	365	119	109	357	354	102	100	104	366	372	361	347	342	281	94	101	122	358	80	62	413	323	96	107	93	112	381	352	432	50	335	261	104	213	214	360	358	362	341	125	108	106	111	341	315	351	287	358	107	340	287	356	353	113	332	323	62	257	127	299	368	99	80	109	187	297	349	356	100	115	11	88	455	101	116	425	120	363	343	332	325	373	87	356	353	348	126	358	351	205	103	112	326	356	368	304	106	353	64	59	344	336	355	65	286	378	13	107	348	371	120	402	362	89	382	109	107	58	332	189	108	11	327	115	103	352	39	341	108	361	350	452	63	342	358	108	454	108	194	348	268	187	153	69	88	361	103	77	110	279	104	314	344	55	357	106	366	353	338	380	272	342	100	114	101	364	97	111	356	460	77	115	59	131	117	111	343	347	346	354	360	114	59	350	98	106	17	349	117	370	196	348	356	59	347	32	104	350	359	252	358	347	377	103	164	347	363	173	110	96	344	355	103	380	342	119	352	96	103	122	348	210	116	100	355	297	113	96	361	100	341	20	307	106	358	314	170	368	124	288	339	104	73	365	117
MotifWidth:
Mode_0: 10
Mode_1: 12
Mode_2: 13
Mode_3: 10
Mode_4: 12
Mode_5: 13
Mode_6: 11
Mode_7: 14
Mode_8: 12
Pos Reads Width:
Mode_0: 5
Mode_1: 5
Mode_2: 5
Mode_3: 5
Mode_4: 5
Mode_5: 5
Mode_6: 5
Mode_7: 5
Mode_8: 5
Neg Reads Width:
Mode_0: 5
Mode_1: 5
Mode_2: 5
Mode_3: 5
Mode_4: 5
Mode_5: 5
Mode_6: 5
Mode_7: 5
Mode_8: 5
Relative Distances: 
Mode0: (9,18)
Mode1: (10,22)
Mode2: (11,27)
Mode3: (10,7)
Mode4: (9,23)
Mode5: (11,22)
Mode6: (10,20)
Mode7: (6,12)
Mode8: (10,22)
